2021-04-18 22:08:14,538 [INFO] Activator:170 - 


2021-04-18 22:08:14,546 [INFO] Activator:171 - !SESSION log4j initialized
2021-04-18 22:08:19,058 [ERROR] LogOutputStream:74 - [STDERR_REDIRECT] Managed Build system manifest file error: Could not load icon "icons/chip.png".
2021-04-18 22:08:19,058 [ERROR] LogOutputStream:74 - [STDERR_REDIRECT] Managed Build system manifest file error: Could not load icon "icons/chip.png".
2021-04-18 22:08:19,066 [ERROR] LogOutputStream:74 - [STDERR_REDIRECT] Managed Build system manifest file error: Could not load icon "icons/chip.png".
2021-04-18 22:10:11,656 [INFO] McuFinderGlobals:39 - Set McuFinder mode to 2 (CubeIDE integrated)
2021-04-18 22:10:17,111 [INFO] ApplicationProperties:181 - Using Application install path: C:\ST\STM32CubeIDE_1.5.1\STM32CubeIDE\plugins\com.st.stm32cube.common.mx_6.2.1.202103241236
2021-04-18 22:10:17,127 [INFO] DbMcusXml:74 - Set database path to: C:\ST\STM32CubeIDE_1.5.1\STM32CubeIDE\plugins\com.st.stm32cube.common.mx_6.2.1.202103241236\\db\/mcu/
2021-04-18 22:10:17,127 [INFO] DbBoardsPdsc:56 - Set plugin database path to: C:\ST\STM32CubeIDE_1.5.1\STM32CubeIDE\plugins\com.st.stm32cube.common.mx_6.2.1.202103241236\\db\/plugins/boardmanager/
2021-04-18 22:10:17,127 [INFO] DbMcus:258 - Set plugin images path to: C:\ST\STM32CubeIDE_1.5.1\STM32CubeIDE\plugins\com.st.stm32cube.common.mx_6.2.1.202103241236\\db\/plugins/mcufinder/images/
2021-04-18 22:10:17,127 [INFO] DbBoards:264 - Set plugin images path to: C:\ST\STM32CubeIDE_1.5.1\STM32CubeIDE\plugins\com.st.stm32cube.common.mx_6.2.1.202103241236\\db\/plugins/mcufinder/images/
2021-04-18 22:10:17,127 [INFO] DbExamples:333 - Set plugin images path to: C:\ST\STM32CubeIDE_1.5.1\STM32CubeIDE\plugins\com.st.stm32cube.common.mx_6.2.1.202103241236\\db\/plugins/mcufinder/images/
2021-04-18 22:10:17,142 [INFO] DbMcusAds:85 - Set database path to: C:\Users\denjo\.stmcufinder\plugins\mcufinder//mcu/
2021-04-18 22:10:17,142 [INFO] DbMcusDocs:110 - Set database path to: C:\Users\denjo\.stmcufinder\plugins\mcufinder//mcu/
2021-04-18 22:10:17,142 [INFO] DbMcusJson:65 - Set database path to: C:\Users\denjo\.stmcufinder\plugins\mcufinder//mcu/
2021-04-18 22:10:17,142 [INFO] DbBoardsDocs:110 - Set database path to: C:\Users\denjo\.stmcufinder\plugins\mcufinder//mcu/
2021-04-18 22:10:17,142 [INFO] DbBoardsJson:58 - Set database path to: C:\Users\denjo\.stmcufinder\plugins\mcufinder//mcu/
2021-04-18 22:10:17,158 [INFO] CrossReferenceDbSqlite:196 - Set database path to: C:\Users\denjo\.stmcufinder\plugins\mcufinder//mcu/cs/
2021-04-18 22:10:17,158 [INFO] DbExamplesSqlite:690 - Set database path to: C:\Users\denjo\.stmcufinder\plugins\mcufinder//mcu/
2021-04-18 22:10:17,283 [INFO] RulesReader:52 - Compatibility file has been processed (237 Rules)
2021-04-18 22:10:17,361 [INFO] MicroXplorer:622 - Detected Java Version = 11.0.9.1
2021-04-18 22:10:17,361 [INFO] DbMcusXml:74 - Set database path to: C:\ST\STM32CubeIDE_1.5.1\STM32CubeIDE\plugins\com.st.stm32cube.common.mx_6.2.1.202103241236\\db\/mcu/
2021-04-18 22:10:17,361 [INFO] DbBoardsPdsc:56 - Set plugin database path to: C:\ST\STM32CubeIDE_1.5.1\STM32CubeIDE\plugins\com.st.stm32cube.common.mx_6.2.1.202103241236\\db\/plugins/boardmanager/
2021-04-18 22:10:17,361 [INFO] DbMcus:258 - Set plugin images path to: C:\ST\STM32CubeIDE_1.5.1\STM32CubeIDE\plugins\com.st.stm32cube.common.mx_6.2.1.202103241236\\db\/plugins/mcufinder/images/
2021-04-18 22:10:17,361 [INFO] DbBoards:264 - Set plugin images path to: C:\ST\STM32CubeIDE_1.5.1\STM32CubeIDE\plugins\com.st.stm32cube.common.mx_6.2.1.202103241236\\db\/plugins/mcufinder/images/
2021-04-18 22:10:17,361 [INFO] DbExamples:333 - Set plugin images path to: C:\ST\STM32CubeIDE_1.5.1\STM32CubeIDE\plugins\com.st.stm32cube.common.mx_6.2.1.202103241236\\db\/plugins/mcufinder/images/
2021-04-18 22:10:17,361 [WARN] DbFile:35 - Overriding database path with different value: C:\Users\denjo\.stmcufinder\plugins\mcufinder/ => C:\Users\denjo\.stmcufinder\plugins\mcufinder
2021-04-18 22:10:17,361 [INFO] DbMcusAds:85 - Set database path to: C:\Users\denjo\.stmcufinder\plugins\mcufinder//mcu/
2021-04-18 22:10:17,361 [WARN] DbFile:35 - Overriding database path with different value: C:\Users\denjo\.stmcufinder\plugins\mcufinder/ => C:\Users\denjo\.stmcufinder\plugins\mcufinder
2021-04-18 22:10:17,361 [INFO] DbMcusDocs:110 - Set database path to: C:\Users\denjo\.stmcufinder\plugins\mcufinder//mcu/
2021-04-18 22:10:17,361 [WARN] DbFile:35 - Overriding database path with different value: C:\Users\denjo\.stmcufinder\plugins\mcufinder/ => C:\Users\denjo\.stmcufinder\plugins\mcufinder
2021-04-18 22:10:17,361 [INFO] DbMcusJson:65 - Set database path to: C:\Users\denjo\.stmcufinder\plugins\mcufinder//mcu/
2021-04-18 22:10:17,361 [WARN] DbFile:35 - Overriding database path with different value: C:\Users\denjo\.stmcufinder\plugins\mcufinder/ => C:\Users\denjo\.stmcufinder\plugins\mcufinder
2021-04-18 22:10:17,361 [INFO] DbBoardsDocs:110 - Set database path to: C:\Users\denjo\.stmcufinder\plugins\mcufinder//mcu/
2021-04-18 22:10:17,361 [WARN] DbFile:35 - Overriding database path with different value: C:\Users\denjo\.stmcufinder\plugins\mcufinder/ => C:\Users\denjo\.stmcufinder\plugins\mcufinder
2021-04-18 22:10:17,361 [INFO] DbBoardsJson:58 - Set database path to: C:\Users\denjo\.stmcufinder\plugins\mcufinder//mcu/
2021-04-18 22:10:17,361 [WARN] DbFile:35 - Overriding database path with different value: C:\Users\denjo\.stmcufinder\plugins\mcufinder/ => C:\Users\denjo\.stmcufinder\plugins\mcufinder
2021-04-18 22:10:17,361 [WARN] DbFile:35 - Overriding database path with different value: C:\Users\denjo\.stmcufinder\plugins\mcufinder/ => C:\Users\denjo\.stmcufinder\plugins\mcufinder
2021-04-18 22:10:17,361 [INFO] CrossReferenceDbSqlite:196 - Set database path to: C:\Users\denjo\.stmcufinder\plugins\mcufinder//mcu/cs/
2021-04-18 22:10:17,361 [WARN] DbFile:35 - Overriding database path with different value: C:\Users\denjo\.stmcufinder\plugins\mcufinder/ => C:\Users\denjo\.stmcufinder\plugins\mcufinder
2021-04-18 22:10:17,361 [INFO] DbExamplesSqlite:690 - Set database path to: C:\Users\denjo\.stmcufinder\plugins\mcufinder//mcu/
2021-04-18 22:10:17,439 [INFO] MainPanel:204 - HeapMemory: 662700032
2021-04-18 22:10:17,502 [INFO] DbMcusXml:74 - Set database path to: C:\ST\STM32CubeIDE_1.5.1\STM32CubeIDE\plugins\com.st.stm32cube.common.mx_6.2.1.202103241236\\db\/mcu/
2021-04-18 22:10:17,502 [INFO] DbBoardsPdsc:56 - Set plugin database path to: C:\ST\STM32CubeIDE_1.5.1\STM32CubeIDE\plugins\com.st.stm32cube.common.mx_6.2.1.202103241236\\db\/plugins/boardmanager/
2021-04-18 22:10:17,502 [INFO] DbMcus:258 - Set plugin images path to: C:\ST\STM32CubeIDE_1.5.1\STM32CubeIDE\plugins\com.st.stm32cube.common.mx_6.2.1.202103241236\\db\/plugins/mcufinder/images/
2021-04-18 22:10:17,502 [INFO] DbBoards:264 - Set plugin images path to: C:\ST\STM32CubeIDE_1.5.1\STM32CubeIDE\plugins\com.st.stm32cube.common.mx_6.2.1.202103241236\\db\/plugins/mcufinder/images/
2021-04-18 22:10:17,502 [INFO] DbExamples:333 - Set plugin images path to: C:\ST\STM32CubeIDE_1.5.1\STM32CubeIDE\plugins\com.st.stm32cube.common.mx_6.2.1.202103241236\\db\/plugins/mcufinder/images/
2021-04-18 22:10:17,502 [WARN] DbFile:35 - Overriding database path with different value: C:\Users\denjo\.stmcufinder\plugins\mcufinder/ => C:\Users\denjo\.stmcufinder\plugins\mcufinder
2021-04-18 22:10:17,502 [INFO] DbMcusAds:85 - Set database path to: C:\Users\denjo\.stmcufinder\plugins\mcufinder//mcu/
2021-04-18 22:10:17,502 [WARN] DbFile:35 - Overriding database path with different value: C:\Users\denjo\.stmcufinder\plugins\mcufinder/ => C:\Users\denjo\.stmcufinder\plugins\mcufinder
2021-04-18 22:10:17,502 [INFO] DbMcusDocs:110 - Set database path to: C:\Users\denjo\.stmcufinder\plugins\mcufinder//mcu/
2021-04-18 22:10:17,502 [WARN] DbFile:35 - Overriding database path with different value: C:\Users\denjo\.stmcufinder\plugins\mcufinder/ => C:\Users\denjo\.stmcufinder\plugins\mcufinder
2021-04-18 22:10:17,502 [INFO] DbMcusJson:65 - Set database path to: C:\Users\denjo\.stmcufinder\plugins\mcufinder//mcu/
2021-04-18 22:10:17,502 [WARN] DbFile:35 - Overriding database path with different value: C:\Users\denjo\.stmcufinder\plugins\mcufinder/ => C:\Users\denjo\.stmcufinder\plugins\mcufinder
2021-04-18 22:10:17,502 [INFO] DbBoardsDocs:110 - Set database path to: C:\Users\denjo\.stmcufinder\plugins\mcufinder//mcu/
2021-04-18 22:10:17,502 [WARN] DbFile:35 - Overriding database path with different value: C:\Users\denjo\.stmcufinder\plugins\mcufinder/ => C:\Users\denjo\.stmcufinder\plugins\mcufinder
2021-04-18 22:10:17,502 [INFO] DbBoardsJson:58 - Set database path to: C:\Users\denjo\.stmcufinder\plugins\mcufinder//mcu/
2021-04-18 22:10:17,502 [WARN] DbFile:35 - Overriding database path with different value: C:\Users\denjo\.stmcufinder\plugins\mcufinder/ => C:\Users\denjo\.stmcufinder\plugins\mcufinder
2021-04-18 22:10:17,502 [WARN] DbFile:35 - Overriding database path with different value: C:\Users\denjo\.stmcufinder\plugins\mcufinder/ => C:\Users\denjo\.stmcufinder\plugins\mcufinder
2021-04-18 22:10:17,502 [INFO] CrossReferenceDbSqlite:196 - Set database path to: C:\Users\denjo\.stmcufinder\plugins\mcufinder//mcu/cs/
2021-04-18 22:10:17,502 [WARN] DbFile:35 - Overriding database path with different value: C:\Users\denjo\.stmcufinder\plugins\mcufinder/ => C:\Users\denjo\.stmcufinder\plugins\mcufinder
2021-04-18 22:10:17,502 [INFO] DbExamplesSqlite:690 - Set database path to: C:\Users\denjo\.stmcufinder\plugins\mcufinder//mcu/
2021-04-18 22:10:17,517 [INFO] ApplicationProperties:181 - Using Application install path: C:\ST\STM32CubeIDE_1.5.1\STM32CubeIDE\plugins\com.st.stm32cube.common.mx_6.2.1.202103241236
2021-04-18 22:10:17,517 [INFO] PluginManage:178 - Search for loadable plugins [exclusion list=, ]
2021-04-18 22:10:17,517 [INFO] PluginManage:292 - Check plugin analytics
2021-04-18 22:10:17,689 [INFO] AnalyticsPlugin:233 - Accepted Software Licenses: 
2021-04-18 22:10:17,689 [INFO] AnalyticsPlugin:235 - Accepted CMSIS Pack Licenses: 
2021-04-18 22:10:17,705 [INFO] AnalyticsPlugin:237 - Accepted Firmware Licenses: 
2021-04-18 22:10:17,705 [INFO] PluginManage:342 - Loaded plugin analytics (category:tool,tabindex:-1)
2021-04-18 22:10:17,705 [INFO] PluginManage:292 - Check plugin clock
2021-04-18 22:10:17,720 [INFO] PluginManage:342 - Loaded plugin clock (category:base,tabindex:2)
2021-04-18 22:10:17,720 [INFO] PluginManage:292 - Check plugin ddr
2021-04-18 22:10:17,720 [INFO] PluginManage:342 - Loaded plugin ddr (category:tool,tabindex:6)
2021-04-18 22:10:17,720 [INFO] PluginManage:292 - Check plugin filemanager
2021-04-18 22:10:17,861 [INFO] PluginManage:342 - Loaded plugin filemanager (category:base,tabindex:10)
2021-04-18 22:10:17,861 [INFO] PluginManage:292 - Check plugin ipmanager
2021-04-18 22:10:17,861 [INFO] PluginManage:342 - Loaded plugin ipmanager (category:base,tabindex:5)
2021-04-18 22:10:17,861 [INFO] PluginManage:292 - Check plugin pinoutandconfiguration
2021-04-18 22:10:17,876 [INFO] PluginManage:342 - Loaded plugin pinoutandconfiguration (category:base,tabindex:1)
2021-04-18 22:10:17,876 [INFO] PluginManage:292 - Check plugin pinoutconfig
2021-04-18 22:10:17,908 [INFO] PluginManage:342 - Loaded plugin pinoutconfig (category:base,tabindex:0)
2021-04-18 22:10:17,908 [INFO] PluginManage:292 - Check plugin power
2021-04-18 22:10:17,939 [INFO] PluginManage:342 - Loaded plugin power (category:power,tabindex:4)
2021-04-18 22:10:17,939 [INFO] PluginManage:292 - Check plugin projectmanager
2021-04-18 22:10:17,955 [INFO] PluginManage:342 - Loaded plugin projectmanager (category:projectmanager,tabindex:3)
2021-04-18 22:10:17,955 [INFO] PluginManage:292 - Check plugin thirdparty
2021-04-18 22:10:18,158 [INFO] PluginManage:342 - Loaded plugin thirdparty (category:base,tabindex:-1)
2021-04-18 22:10:18,158 [INFO] PluginManage:292 - Check plugin tools
2021-04-18 22:10:18,158 [WARN] IntegrityCheckThread:59 - waiting for thirdparty lock release [integrity check]
2021-04-18 22:10:18,158 [INFO] IntegrityCheckThread:61 - entering critical section [integrity check]
2021-04-18 22:10:18,158 [INFO] ThirdPartyUpdaterWithRetryManager:56 - Updater plugin not ready yet. [1/15]
2021-04-18 22:10:18,220 [INFO] PluginManage:342 - Loaded plugin tools (category:base,tabindex:7)
2021-04-18 22:10:18,220 [INFO] PluginManage:292 - Check plugin tutovideos
2021-04-18 22:10:18,439 [INFO] PluginManage:342 - Loaded plugin tutovideos (category:base,tabindex:-1)
2021-04-18 22:10:18,439 [INFO] PluginManage:292 - Check plugin updater
2021-04-18 22:10:18,454 [INFO] PluginManage:342 - Loaded plugin updater (category:base,tabindex:12)
2021-04-18 22:10:18,454 [INFO] PluginManage:265 - PluginManage : Loaded plugins [13]
2021-04-18 22:10:18,751 [INFO] PinOutPanel:1435 - setPackage(No Configuration,No Configuration)
2021-04-18 22:10:18,876 [INFO] IPUIPlugin:64 - create IPUIPlugin
2021-04-18 22:10:18,876 [INFO] PluginManager:203 - loadIPPluginJar : add adc
2021-04-18 22:10:18,923 [INFO] IPUIPlugin:64 - create IPUIPlugin
2021-04-18 22:10:18,923 [INFO] PluginManager:203 - loadIPPluginJar : add aes
2021-04-18 22:10:18,986 [INFO] IPUIPlugin:64 - create IPUIPlugin
2021-04-18 22:10:18,986 [INFO] PluginManager:203 - loadIPPluginJar : add can
2021-04-18 22:10:19,001 [INFO] IPUIPlugin:64 - create IPUIPlugin
2021-04-18 22:10:19,001 [INFO] PluginManager:203 - loadIPPluginJar : add comp
2021-04-18 22:10:19,048 [INFO] IPUIPlugin:64 - create IPUIPlugin
2021-04-18 22:10:19,048 [INFO] PluginManager:203 - loadIPPluginJar : add cryp
2021-04-18 22:10:19,079 [INFO] IPUIPlugin:64 - create IPUIPlugin
2021-04-18 22:10:19,079 [INFO] PluginManager:203 - loadIPPluginJar : add dfsdm
2021-04-18 22:10:19,095 [INFO] IPUIPlugin:64 - create IPUIPlugin
2021-04-18 22:10:19,095 [INFO] PluginManager:203 - loadIPPluginJar : add dma
2021-04-18 22:10:19,126 [INFO] IPUIPlugin:64 - create IPUIPlugin
2021-04-18 22:10:19,126 [INFO] PluginManager:203 - loadIPPluginJar : add fatfs
2021-04-18 22:10:19,189 [INFO] IPUIPlugin:64 - create IPUIPlugin
2021-04-18 22:10:19,189 [INFO] PluginManager:203 - loadIPPluginJar : add fmc
2021-04-18 22:10:19,204 [INFO] IPUIPlugin:64 - create IPUIPlugin
2021-04-18 22:10:19,204 [INFO] PluginManager:203 - loadIPPluginJar : add freertos
2021-04-18 22:10:19,235 [INFO] IPUIPlugin:64 - create IPUIPlugin
2021-04-18 22:10:19,235 [INFO] PluginManager:203 - loadIPPluginJar : add genericplugin
2021-04-18 22:10:19,329 [INFO] IPUIPlugin:64 - create IPUIPlugin
2021-04-18 22:10:19,329 [INFO] PluginManager:203 - loadIPPluginJar : add gfxmmu
2021-04-18 22:10:19,470 [INFO] IPUIPlugin:64 - create IPUIPlugin
2021-04-18 22:10:19,470 [INFO] PluginManager:203 - loadIPPluginJar : add gic
2021-04-18 22:10:19,485 [INFO] IPUIPlugin:64 - create IPUIPlugin
2021-04-18 22:10:19,485 [INFO] PluginManager:203 - loadIPPluginJar : add gpio
2021-04-18 22:10:19,548 [INFO] IPUIPlugin:64 - create IPUIPlugin
2021-04-18 22:10:19,548 [INFO] PluginManager:203 - loadIPPluginJar : add gtzc
2021-04-18 22:10:19,579 [INFO] IPUIPlugin:64 - create IPUIPlugin
2021-04-18 22:10:19,579 [INFO] PluginManager:203 - loadIPPluginJar : add hash
2021-04-18 22:10:19,642 [INFO] IPUIPlugin:64 - create IPUIPlugin
2021-04-18 22:10:19,642 [INFO] PluginManager:203 - loadIPPluginJar : add i2c
2021-04-18 22:10:19,688 [INFO] IPUIPlugin:64 - create IPUIPlugin
2021-04-18 22:10:19,688 [INFO] PluginManager:203 - loadIPPluginJar : add i2s
2021-04-18 22:10:19,704 [INFO] IPUIPlugin:64 - create IPUIPlugin
2021-04-18 22:10:19,704 [INFO] PluginManager:203 - loadIPPluginJar : add ipddr
2021-04-18 22:10:19,735 [INFO] IPUIPlugin:64 - create IPUIPlugin
2021-04-18 22:10:19,735 [INFO] PluginManager:203 - loadIPPluginJar : add lorawan
2021-04-18 22:10:19,767 [INFO] IPUIPlugin:64 - create IPUIPlugin
2021-04-18 22:10:19,767 [INFO] PluginManager:203 - loadIPPluginJar : add ltdc
2021-04-18 22:10:19,782 [INFO] IPUIPlugin:64 - create IPUIPlugin
2021-04-18 22:10:19,782 [INFO] PluginManager:203 - loadIPPluginJar : add mdma
2021-04-18 22:10:19,798 [INFO] IPUIPlugin:64 - create IPUIPlugin
2021-04-18 22:10:19,798 [INFO] PluginManager:203 - loadIPPluginJar : add nvic
2021-04-18 22:10:19,829 [INFO] IPUIPlugin:64 - create IPUIPlugin
2021-04-18 22:10:19,829 [INFO] PluginManager:203 - loadIPPluginJar : add opamp
2021-04-18 22:10:19,892 [INFO] IPUIPlugin:64 - create IPUIPlugin
2021-04-18 22:10:19,892 [INFO] PluginManager:203 - loadIPPluginJar : add openamp
2021-04-18 22:10:19,923 [INFO] IPUIPlugin:64 - create IPUIPlugin
2021-04-18 22:10:19,938 [INFO] PluginManager:203 - loadIPPluginJar : add pdm2pcm
2021-04-18 22:10:19,938 [INFO] IPUIPlugin:64 - create IPUIPlugin
2021-04-18 22:10:19,954 [INFO] PluginManager:203 - loadIPPluginJar : add plateformsettings
2021-04-18 22:10:19,970 [INFO] IPUIPlugin:64 - create IPUIPlugin
2021-04-18 22:10:19,970 [INFO] PluginManager:203 - loadIPPluginJar : add quadspi
2021-04-18 22:10:19,985 [INFO] IPUIPlugin:64 - create IPUIPlugin
2021-04-18 22:10:19,985 [INFO] PluginManager:203 - loadIPPluginJar : add resmgrutility
2021-04-18 22:10:20,032 [INFO] IPUIPlugin:64 - create IPUIPlugin
2021-04-18 22:10:20,032 [INFO] PluginManager:203 - loadIPPluginJar : add sai
2021-04-18 22:10:20,079 [INFO] IPUIPlugin:64 - create IPUIPlugin
2021-04-18 22:10:20,079 [INFO] PluginManager:203 - loadIPPluginJar : add spi
2021-04-18 22:10:20,126 [INFO] IPUIPlugin:64 - create IPUIPlugin
2021-04-18 22:10:20,126 [INFO] PluginManager:203 - loadIPPluginJar : add stm32_wpan
2021-04-18 22:10:20,157 [INFO] IPUIPlugin:64 - create IPUIPlugin
2021-04-18 22:10:20,157 [INFO] PluginManager:203 - loadIPPluginJar : add tim
2021-04-18 22:10:20,204 [INFO] IPUIPlugin:64 - create IPUIPlugin
2021-04-18 22:10:20,204 [INFO] PluginManager:203 - loadIPPluginJar : add touchsensing
2021-04-18 22:10:20,235 [INFO] IPUIPlugin:64 - create IPUIPlugin
2021-04-18 22:10:20,235 [INFO] PluginManager:203 - loadIPPluginJar : add tracer_emb
2021-04-18 22:10:20,267 [INFO] IPUIPlugin:64 - create IPUIPlugin
2021-04-18 22:10:20,267 [INFO] PluginManager:203 - loadIPPluginJar : add ts
2021-04-18 22:10:20,298 [INFO] IPUIPlugin:64 - create IPUIPlugin
2021-04-18 22:10:20,298 [INFO] PluginManager:203 - loadIPPluginJar : add tsc
2021-04-18 22:10:20,313 [INFO] IPUIPlugin:64 - create IPUIPlugin
2021-04-18 22:10:20,313 [INFO] PluginManager:203 - loadIPPluginJar : add ucpd
2021-04-18 22:10:20,360 [INFO] IPUIPlugin:64 - create IPUIPlugin
2021-04-18 22:10:20,360 [INFO] PluginManager:203 - loadIPPluginJar : add usart
2021-04-18 22:10:20,736 [FATAL] Updater:284 - Updater called before beeing initialized
2021-04-18 22:10:20,861 [FATAL] Updater:284 - Updater called before beeing initialized
2021-04-18 22:10:20,877 [INFO] DbMcusAds:132 - JSON generation date=Thu Feb 11 23:55:24 JST 2021 (1613055324029)
2021-04-18 22:10:20,877 [FATAL] Updater:284 - Updater called before beeing initialized
2021-04-18 22:10:20,908 [WARN] DetailPanel:315 - Failed to get advertising image, set to default
2021-04-18 22:10:21,096 [FATAL] Updater:284 - Updater called before beeing initialized
2021-04-18 22:10:21,096 [FATAL] Updater:284 - Updater called before beeing initialized
2021-04-18 22:10:21,096 [FATAL] Updater:284 - Updater called before beeing initialized
2021-04-18 22:10:21,096 [WARN] DetailPanel:315 - Failed to get advertising image, set to default
2021-04-18 22:10:21,096 [FATAL] Updater:284 - Updater called before beeing initialized
2021-04-18 22:10:21,158 [INFO] ThirdPartyUpdaterWithRetryManager:56 - Updater plugin not ready yet. [2/15]
2021-04-18 22:10:21,174 [FATAL] Updater:284 - Updater called before beeing initialized
2021-04-18 22:10:21,174 [WARN] ThirdParty:796 - waiting for thirdparty lock release [close project]
2021-04-18 22:10:24,158 [FATAL] Updater:284 - Updater called before beeing initialized
2021-04-18 22:10:24,158 [ERROR] AbstractThirdPartyUpdaterManager:153 - class java.lang.Integer cannot be cast to class java.util.List (java.lang.Integer and java.util.List are in module java.base of loader 'bootstrap')
2021-04-18 22:10:24,158 [INFO] ThirdParty:900 - Integrity check success = false
2021-04-18 22:10:24,158 [INFO] IntegrityCheckThread:75 - exiting critical section [integrity check]
2021-04-18 22:10:24,158 [INFO] IntegrityCheckThread:78 - End integrity checks thread
2021-04-18 22:10:24,158 [INFO] ThirdParty:798 - entering critical section [close project]
2021-04-18 22:10:24,158 [INFO] ThirdParty:809 - exiting critical section [close project]
2021-04-18 22:10:24,158 [INFO] PinOutPanel:1435 - setPackage(No Configuration,No Configuration)
2021-04-18 22:10:24,158 [FATAL] Updater:284 - Updater called before beeing initialized
2021-04-18 22:10:24,174 [ERROR] Updater:1065 - MainUpdater not yet initialized. External WinMGr cannot be set.
2021-04-18 22:10:24,174 [INFO] Updater:1002 - Updater Version found : 6.2.1
2021-04-18 22:10:24,205 [INFO] ApplicationProperties:181 - Using Application install path: C:\ST\STM32CubeIDE_1.5.1\STM32CubeIDE\plugins\com.st.stm32cube.common.mx_6.2.1.202103241236
2021-04-18 22:10:24,299 [INFO] MainUpdater:2661 - connection check result : 10
2021-04-18 22:10:24,299 [INFO] MainUpdater:255 - Updater Check For Update Now.
2021-04-18 22:10:24,299 [INFO] MicroXplorer:472 - Change Database Version : DB.6.0.21
2021-04-18 22:10:24,362 [INFO] CheckServerUpdateThread:102 - End of CheckServer Thread
2021-04-18 22:10:24,440 [INFO] MainUpdater:2661 - connection check result : 10
2021-04-18 22:10:24,455 [INFO] MainUpdater:2661 - connection check result : 10
2021-04-18 22:10:24,673 [INFO] MicroXplorer:442 - Change Database Path : 
2021-04-18 22:10:24,673 [INFO] MicroXplorer:472 - Change Database Version : DB.6.0.21
2021-04-18 22:10:24,673 [WARN] ThirdParty:796 - waiting for thirdparty lock release [close project]
2021-04-18 22:10:24,673 [INFO] ThirdParty:798 - entering critical section [close project]
2021-04-18 22:10:24,673 [INFO] ThirdParty:809 - exiting critical section [close project]
2021-04-18 22:10:24,673 [INFO] PinOutPanel:1435 - setPackage(No Configuration,No Configuration)
2021-04-18 22:10:24,673 [INFO] UtilMem:74 - Begin LoadConfig() Used Memory: 406262568 Bytes (662700032)
2021-04-18 22:10:24,681 [INFO] MicroXplorer:442 - Change Database Path : 
2021-04-18 22:10:24,681 [INFO] MicroXplorer:472 - Change Database Version : DB.6.0.21
2021-04-18 22:10:24,681 [INFO] OpenFileManager:303 - Change cursor
2021-04-18 22:10:24,689 [WARN] IntegrityCheckThread:59 - waiting for thirdparty lock release [integrity check]
2021-04-18 22:10:24,689 [INFO] IntegrityCheckThread:61 - entering critical section [integrity check]
2021-04-18 22:10:24,761 [WARN] PackLoader:226 - Cannot read IP mode file for RoweBots.I-CUBE-UNISONRTOS.5.5.0-4
2021-04-18 22:10:24,777 [WARN] PackLoader:226 - Cannot read IP mode file for STMicroelectronics.X-CUBE-SFXS2LP1.3.0.0
2021-04-18 22:10:24,855 [WARN] PackLoader:226 - Cannot read IP mode file for STMicroelectronics.X-CUBE-MEMS1.8.2.0
2021-04-18 22:10:24,980 [WARN] PackLoader:226 - Cannot read IP mode file for STMicroelectronics.X-CUBE-EEPRMA1.3.0.0
2021-04-18 22:10:24,980 [WARN] PackLoader:226 - Cannot read IP mode file for STMicroelectronics.X-CUBE-NFC4.2.0.2
2021-04-18 22:10:24,996 [WARN] PackLoader:226 - Cannot read IP mode file for STMicroelectronics.X-CUBE-BLE2.3.2.0
2021-04-18 22:10:25,012 [WARN] PackLoader:226 - Cannot read IP mode file for STMicroelectronics.X-CUBE-SUBG2.4.0.0
2021-04-18 22:10:25,027 [WARN] PackLoader:226 - Cannot read IP mode file for STMicroelectronics.X-CUBE-TOF1.1.0.0
2021-04-18 22:10:25,058 [WARN] PackLoader:226 - Cannot read IP mode file for STMicroelectronics.X-CUBE-AZRTOS-H7.1.0.0
2021-04-18 22:10:25,121 [WARN] PackLoader:226 - Cannot read IP mode file for STMicroelectronics.X-CUBE-MEMS1.8.3.0
2021-04-18 22:10:25,230 [WARN] PackLoader:226 - Cannot read IP mode file for STMicroelectronics.X-CUBE-DISPLAY.1.0.0
2021-04-18 22:10:25,246 [WARN] PackLoader:226 - Cannot read IP mode file for STMicroelectronics.X-CUBE-AI.6.0.0
2021-04-18 22:10:25,246 [WARN] PackLoader:226 - Cannot read IP mode file for STMicroelectronics.X-CUBE-ALGOBUILD.1.2.0
2021-04-18 22:10:25,262 [WARN] PackLoader:226 - Cannot read IP mode file for STMicroelectronics.X-CUBE-GNSS1.5.2.0
2021-04-18 22:10:25,277 [WARN] PackLoader:226 - Cannot read IP mode file for STMicroelectronics.X-CUBE-BLE1.6.1.0
2021-04-18 22:10:25,277 [WARN] PackLoader:226 - Cannot read IP mode file for wolfSSL.I-CUBE-wolfSSL.4.7.0
2021-04-18 22:10:25,293 [WARN] PackLoader:226 - Cannot read IP mode file for STMicroelectronics.X-CUBE-TOUCHGFX.4.16.1
2021-04-18 22:10:25,293 [WARN] PackLoader:226 - Cannot read IP mode file for STMicroelectronics.X-CUBE-AI.5.2.0
2021-04-18 22:10:25,293 [INFO] ThirdParty:900 - Integrity check success = true
2021-04-18 22:10:25,293 [INFO] IntegrityCheckThread:75 - exiting critical section [integrity check]
2021-04-18 22:10:25,293 [INFO] IntegrityCheckThread:78 - End integrity checks thread
2021-04-18 22:10:26,652 [INFO] Context:587 - Trying to add GPIOservice into a context  which must be forbidden
2021-04-18 22:10:27,086 [WARN] ApiManager:294 - Cannot register API 'Board Extension:S2868A1' from pack STMicroelectronics.X-CUBE-SFXS2LP1.3.0.0: no header file found
2021-04-18 22:10:27,086 [WARN] ApiManager:294 - Cannot register API 'Board Extension:S2868A2' from pack STMicroelectronics.X-CUBE-SFXS2LP1.3.0.0: no header file found
2021-04-18 22:10:27,086 [WARN] ApiManager:294 - Cannot register API 'Board Extension:S2915A1' from pack STMicroelectronics.X-CUBE-SFXS2LP1.3.0.0: no header file found
2021-04-18 22:10:27,086 [WARN] ModelIntegratedComponent:51 - No mode defined for component null
2021-04-18 22:10:27,086 [WARN] ModelIntegratedComponent:51 - No mode defined for component null
2021-04-18 22:10:27,102 [WARN] ModelIntegratedComponent:51 - No mode defined for component null
2021-04-18 22:10:27,102 [WARN] ModelIntegratedComponent:51 - No mode defined for component null
2021-04-18 22:10:27,102 [WARN] ModelIntegratedComponent:51 - No mode defined for component null
2021-04-18 22:10:27,102 [WARN] ModelIntegratedComponent:51 - No mode defined for component null
2021-04-18 22:10:27,102 [WARN] ModelIntegratedComponent:51 - No mode defined for component null
2021-04-18 22:10:27,102 [WARN] ModelIntegratedComponent:51 - No mode defined for component null
2021-04-18 22:10:27,102 [WARN] ModelIntegratedComponent:51 - No mode defined for component null
2021-04-18 22:10:27,102 [WARN] ModelIntegratedComponent:51 - No mode defined for component null
2021-04-18 22:10:27,102 [WARN] ModelIntegratedComponent:51 - No mode defined for component null
2021-04-18 22:10:27,102 [WARN] ModelIntegratedComponent:51 - No mode defined for component null
2021-04-18 22:10:27,102 [WARN] ModelIntegratedComponent:51 - No mode defined for component null
2021-04-18 22:10:27,102 [WARN] ModelIntegratedComponent:51 - No mode defined for component null
2021-04-18 22:10:27,102 [WARN] ModelIntegratedComponent:51 - No mode defined for component null
2021-04-18 22:10:27,102 [WARN] ModelIntegratedComponent:51 - No mode defined for component null
2021-04-18 22:10:27,102 [WARN] ModelIntegratedComponent:51 - No mode defined for component null
2021-04-18 22:10:27,102 [WARN] ModelIntegratedComponent:51 - No mode defined for component null
2021-04-18 22:10:27,102 [WARN] ModelIntegratedComponent:51 - No mode defined for component null
2021-04-18 22:10:27,102 [WARN] ModelIntegratedComponent:51 - No mode defined for component null
2021-04-18 22:10:27,102 [WARN] ModelIntegratedComponent:51 - No mode defined for component null
2021-04-18 22:10:27,102 [WARN] ModelIntegratedComponent:51 - No mode defined for component null
2021-04-18 22:10:27,102 [WARN] ModelIntegratedComponent:51 - No mode defined for component null
2021-04-18 22:10:27,102 [WARN] ModelIntegratedComponent:51 - No mode defined for component null
2021-04-18 22:10:27,102 [WARN] ModelIntegratedComponent:51 - No mode defined for component null
2021-04-18 22:10:27,102 [WARN] ModelIntegratedComponent:51 - No mode defined for component null
2021-04-18 22:10:27,102 [WARN] ModelIntegratedComponent:51 - No mode defined for component null
2021-04-18 22:10:27,102 [WARN] ApiManager:294 - Cannot register API 'Board Extension:S2868A1' from pack STMicroelectronics.X-CUBE-SUBG2.4.0.0: no header file found
2021-04-18 22:10:27,102 [WARN] ApiManager:294 - Cannot register API 'Board Extension:S2868A2' from pack STMicroelectronics.X-CUBE-SUBG2.4.0.0: no header file found
2021-04-18 22:10:27,102 [WARN] ApiManager:294 - Cannot register API 'Board Extension:S2915A1' from pack STMicroelectronics.X-CUBE-SUBG2.4.0.0: no header file found
2021-04-18 22:10:27,242 [WARN] ApiManager:294 - Cannot register API 'Board Extension:IKS01A3' from pack STMicroelectronics.X-CUBE-MEMS1.8.2.0: no header file found
2021-04-18 22:10:27,242 [WARN] ApiManager:294 - Cannot register API 'Board Extension:IKS01A2' from pack STMicroelectronics.X-CUBE-MEMS1.8.2.0: no header file found
2021-04-18 22:10:27,242 [WARN] ApiManager:294 - Cannot register API 'Board Extension:IKS02A1' from pack STMicroelectronics.X-CUBE-MEMS1.8.2.0: no header file found
2021-04-18 22:10:27,242 [WARN] ApiManager:294 - Cannot register API 'Board Extension:EEPRMA1' from pack STMicroelectronics.X-CUBE-EEPRMA1.3.0.0: no header file found
2021-04-18 22:10:27,242 [WARN] ApiManager:294 - Cannot register API 'Board Extension:EEPRMA2' from pack STMicroelectronics.X-CUBE-EEPRMA1.3.0.0: no header file found
2021-04-18 22:10:27,398 [WARN] ApiManager:294 - Cannot register API 'Board Extension:IKS01A3' from pack STMicroelectronics.X-CUBE-MEMS1.8.3.0: no header file found
2021-04-18 22:10:27,398 [WARN] ApiManager:294 - Cannot register API 'Board Extension:IKS01A2' from pack STMicroelectronics.X-CUBE-MEMS1.8.3.0: no header file found
2021-04-18 22:10:27,398 [WARN] ApiManager:294 - Cannot register API 'Board Extension:IKS02A1' from pack STMicroelectronics.X-CUBE-MEMS1.8.3.0: no header file found
2021-04-18 22:10:27,398 [INFO] RtosManager:470 - Registered RTOS mode: class=CMSIS, group=RTOS, mode=CMSIS_V1, owner=FREERTOS
2021-04-18 22:10:27,398 [INFO] RtosManager:470 - Registered RTOS mode: class=CMSIS, group=RTOS2, mode=CMSIS_V2, owner=FREERTOS
2021-04-18 22:10:27,398 [INFO] RtosManager:470 - Registered RTOS mode: class=RTOS, group=Core, mode=CMSIS_V1, owner=FREERTOS
2021-04-18 22:10:27,398 [INFO] RtosManager:470 - Registered RTOS mode: class=RTOS, group=Core, mode=CMSIS_V2, owner=FREERTOS
2021-04-18 22:10:27,398 [WARN] ModelIntegratedComponent:182 - Missing modes for component STMicroelectronics:FreeRTOS:0.0.1:STMicroelectronics:RTOS:FreeRTOS:Core:::10.2.0:
2021-04-18 22:10:27,398 [WARN] ApiManager:294 - Cannot register API 'Board Extension:GNSS1A1' from pack STMicroelectronics.X-CUBE-GNSS1.5.2.0: no header file found
2021-04-18 22:10:27,398 [WARN] ApiManager:294 - Cannot register API 'Board Support:Custom' from pack STMicroelectronics.X-CUBE-GNSS1.5.2.0: no header file found
2021-04-18 22:10:27,398 [WARN] ApiManager:294 - Cannot register API 'Data Exchange:lib_gnss' from pack STMicroelectronics.X-CUBE-GNSS1.5.2.0: no header file found
2021-04-18 22:10:27,398 [WARN] ApiManager:294 - Cannot register API 'Wireless:BlueNRG-MS' from pack STMicroelectronics.X-CUBE-BLE1.6.1.0: no header file found
2021-04-18 22:10:27,398 [WARN] ApiManager:294 - Cannot register API 'Board Extension:NFC04A1' from pack STMicroelectronics.X-CUBE-NFC4.2.0.2: no header file found
2021-04-18 22:10:27,398 [WARN] ApiManager:294 - Cannot register API 'Wireless:BlueNRG-2' from pack STMicroelectronics.X-CUBE-BLE2.3.2.0: no header file found
2021-04-18 22:10:27,967 [INFO] ImportTextPane:162 - (OptionalMessage_ERROR) IP (RCC) : Invalid parameter (FamilyName)
2021-04-18 22:10:27,967 [INFO] ImportTextPane:162 - (OptionalMessage_ERROR) IP (RCC) : Invalid parameter (TIM2Freq_Value)
2021-04-18 22:10:27,967 [INFO] ImportTextPane:162 - (OptionalMessage_ERROR) IP (RCC) : Parameter (USBFreq_Value) has invalid value (72000000)
2021-04-18 22:10:28,154 [INFO] UtilMem:74 - End LoadConfig() Used Memory: 404315984 Bytes (662700032)
2021-04-18 22:10:28,170 [INFO] DbMcusXml:100 - Load MCU database from C:\ST\STM32CubeIDE_1.5.1\STM32CubeIDE\plugins\com.st.stm32cube.common.mx_6.2.1.202103241236\\db\/mcu/families.xml
2021-04-18 22:10:28,828 [INFO] DbMcusJson:94 - JSON generation date=Mon Feb 08 22:35:07 JST 2021 (1612791307)
2021-04-18 22:10:29,424 [INFO] DbMcus:175 - Found 1906 MCUs (1866 are supported by CubeMX, 1866 are visible in CubeMX)
2021-04-18 22:10:29,424 [INFO] ApiDb:251 - Load user favorites file C:\Users\denjo/.stm32cubeide/favorites.mcus.txt: 0 item(s)
2021-04-18 22:10:29,424 [INFO] ApiDb:255 - User favorites MCUs=[]
2021-04-18 22:10:29,424 [INFO] DbMcus:187 - Set 0 / 0 favorites MCUs
2021-04-18 22:10:29,424 [WARN] ThirdParty:762 - waiting for thirdparty lock release [change project]
2021-04-18 22:10:29,424 [INFO] ThirdParty:764 - entering critical section [change project]
2021-04-18 22:10:29,424 [INFO] ThirdParty:952 - CMSIS Pack Vendor :RoweBots I-CUBE-UNISONRTOS 5.5.0-4
2021-04-18 22:10:29,424 [INFO] ThirdParty:952 - CMSIS Pack Vendor :STMicroelectronics X-CUBE-SFXS2LP1 3.0.0
2021-04-18 22:10:29,424 [INFO] ThirdParty:952 - CMSIS Pack Vendor :STMicroelectronics USB_HOST 2.0.0
2021-04-18 22:10:29,424 [INFO] ThirdParty:952 - CMSIS Pack Vendor :STMicroelectronics USB_DEVICE 3.0.0
2021-04-18 22:10:29,424 [INFO] ThirdParty:952 - CMSIS Pack Vendor :STMicroelectronics HAL Drivers 0.0.0
2021-04-18 22:10:29,424 [INFO] ThirdParty:952 - CMSIS Pack Vendor :STMicroelectronics MBEDTLS 2.16.2
2021-04-18 22:10:29,424 [INFO] ThirdParty:952 - CMSIS Pack Vendor :STMicroelectronics MBEDTLS 2.14.1
2021-04-18 22:10:29,428 [INFO] ThirdParty:952 - CMSIS Pack Vendor :STMicroelectronics X-CUBE-SUBG2 4.0.0
2021-04-18 22:10:29,428 [INFO] ThirdParty:952 - CMSIS Pack Vendor :STMicroelectronics X-CUBE-TOF1 1.0.0
2021-04-18 22:10:29,428 [INFO] ThirdParty:952 - CMSIS Pack Vendor :STMicroelectronics X-CUBE-AZRTOS-H7 1.0.0
2021-04-18 22:10:29,428 [INFO] ThirdParty:952 - CMSIS Pack Vendor :STMicroelectronics USB_DEVICE 2.0.0
2021-04-18 22:10:29,428 [INFO] ThirdParty:952 - CMSIS Pack Vendor :STMicroelectronics X-CUBE-MEMS1 8.2.0
2021-04-18 22:10:29,428 [INFO] ThirdParty:952 - CMSIS Pack Vendor :STMicroelectronics X-CUBE-EEPRMA1 3.0.0
2021-04-18 22:10:29,428 [INFO] ThirdParty:952 - CMSIS Pack Vendor :STMicroelectronics X-CUBE-MEMS1 8.3.0
2021-04-18 22:10:29,428 [INFO] ThirdParty:952 - CMSIS Pack Vendor :STMicroelectronics X-CUBE-DISPLAY 1.0.0
2021-04-18 22:10:29,428 [INFO] ThirdParty:952 - CMSIS Pack Vendor :STMicroelectronics FreeRTOS 0.0.1
2021-04-18 22:10:29,428 [INFO] ThirdParty:952 - CMSIS Pack Vendor :STMicroelectronics USB_DEVICE 1.0.0
2021-04-18 22:10:29,428 [INFO] ThirdParty:952 - CMSIS Pack Vendor :STMicroelectronics X-CUBE-AI 6.0.0
2021-04-18 22:10:29,428 [INFO] ThirdParty:952 - CMSIS Pack Vendor :STMicroelectronics X-CUBE-ALGOBUILD 1.2.0
2021-04-18 22:10:29,428 [INFO] ThirdParty:952 - CMSIS Pack Vendor :STMicroelectronics X-CUBE-GNSS1 5.2.0
2021-04-18 22:10:29,428 [INFO] ThirdParty:952 - CMSIS Pack Vendor :STMicroelectronics X-CUBE-BLE1 6.1.0
2021-04-18 22:10:29,428 [INFO] ThirdParty:952 - CMSIS Pack Vendor :STMicroelectronics lwIP 2.0.3
2021-04-18 22:10:29,428 [INFO] ThirdParty:952 - CMSIS Pack Vendor :STMicroelectronics lwIP 2.1.2
2021-04-18 22:10:29,428 [INFO] ThirdParty:952 - CMSIS Pack Vendor :STMicroelectronics USB_HOST 1.0.0
2021-04-18 22:10:29,428 [INFO] ThirdParty:952 - CMSIS Pack Vendor :STMicroelectronics X-CUBE-NFC4 2.0.2
2021-04-18 22:10:29,428 [INFO] ThirdParty:952 - CMSIS Pack Vendor :wolfSSL I-CUBE-wolfSSL 4.7.0
2021-04-18 22:10:29,428 [INFO] ThirdParty:952 - CMSIS Pack Vendor :STMicroelectronics X-CUBE-TOUCHGFX 4.16.1
2021-04-18 22:10:29,428 [INFO] ThirdParty:952 - CMSIS Pack Vendor :STMicroelectronics X-CUBE-AI 5.2.0
2021-04-18 22:10:29,428 [INFO] ThirdParty:952 - CMSIS Pack Vendor :STMicroelectronics PDM2PCM 3.1.0
2021-04-18 22:10:29,428 [INFO] ThirdParty:952 - CMSIS Pack Vendor :STMicroelectronics PDM2PCM 3.2.0
2021-04-18 22:10:29,428 [INFO] ThirdParty:952 - CMSIS Pack Vendor :STMicroelectronics PDM2PCM 3.3.0
2021-04-18 22:10:29,428 [INFO] ThirdParty:952 - CMSIS Pack Vendor :STMicroelectronics X-CUBE-BLE2 3.2.0
2021-04-18 22:10:29,428 [INFO] ThirdParty:770 - exiting critical section [change project]
2021-04-18 22:10:29,888 [INFO] PinOutPanel:1435 - setPackage(No Configuration,No Configuration)
2021-04-18 22:10:29,898 [INFO] PinOutPanel:1435 - setPackage(STM32F302R8Tx,LQFP64)
2021-04-18 22:10:30,823 [INFO] UtilMem:74 - Before build in PCC Used Memory: 556598048 Bytes (767557632)
2021-04-18 22:10:31,198 [INFO] SharedServices:72 - Folder for power plug-in: C:/Users/denjo/.stm32cubemx/plugins/power
2021-04-18 22:10:31,260 [INFO] SharedServices:72 - Folder for power plug-in: C:/Users/denjo/.stm32cubemx/plugins/power
2021-04-18 22:10:31,307 [INFO] SharedServices:72 - Folder for power plug-in: C:/Users/denjo/.stm32cubemx/plugins/power
2021-04-18 22:10:31,307 [INFO] SharedServices:72 - Folder for power plug-in: C:/Users/denjo/.stm32cubemx/plugins/power
2021-04-18 22:10:31,448 [INFO] UtilMem:74 - After build in PCC Used Memory: 523824728 Bytes (767557632)
2021-04-18 22:10:31,479 [INFO] IPUIPlugin:64 - create IPUIPlugin
2021-04-18 22:10:31,479 [INFO] IPUIPlugin:64 - create IPUIPlugin
2021-04-18 22:10:31,479 [INFO] IPUIPlugin:64 - create IPUIPlugin
2021-04-18 22:10:31,479 [INFO] IPUIPlugin:64 - create IPUIPlugin
2021-04-18 22:10:31,479 [INFO] IPUIPlugin:64 - create IPUIPlugin
2021-04-18 22:10:31,479 [INFO] IPUIPlugin:64 - create IPUIPlugin
2021-04-18 22:10:31,479 [INFO] IPUIPlugin:64 - create IPUIPlugin
2021-04-18 22:10:31,479 [INFO] IPUIPlugin:64 - create IPUIPlugin
2021-04-18 22:10:31,479 [INFO] IPUIPlugin:64 - create IPUIPlugin
2021-04-18 22:10:31,479 [INFO] IPUIPlugin:64 - create IPUIPlugin
2021-04-18 22:10:31,479 [INFO] IPUIPlugin:64 - create IPUIPlugin
2021-04-18 22:10:31,479 [INFO] IPUIPlugin:64 - create IPUIPlugin
2021-04-18 22:10:31,479 [INFO] IPUIPlugin:64 - create IPUIPlugin
2021-04-18 22:10:31,479 [INFO] IPUIPlugin:64 - create IPUIPlugin
2021-04-18 22:10:31,479 [INFO] IPUIPlugin:64 - create IPUIPlugin
2021-04-18 22:10:31,479 [INFO] IPUIPlugin:64 - create IPUIPlugin
2021-04-18 22:10:31,479 [INFO] IPUIPlugin:64 - create IPUIPlugin
2021-04-18 22:10:31,479 [INFO] IPUIPlugin:64 - create IPUIPlugin
2021-04-18 22:10:31,494 [INFO] IPUIPlugin:64 - create IPUIPlugin
2021-04-18 22:10:31,494 [INFO] IPUIPlugin:64 - create IPUIPlugin
2021-04-18 22:10:31,494 [INFO] IPUIPlugin:64 - create IPUIPlugin
2021-04-18 22:10:31,494 [INFO] IPUIPlugin:64 - create IPUIPlugin
2021-04-18 22:10:31,494 [INFO] IPUIPlugin:64 - create IPUIPlugin
2021-04-18 22:10:31,494 [INFO] IPUIPlugin:64 - create IPUIPlugin
2021-04-18 22:10:31,494 [INFO] IPUIPlugin:64 - create IPUIPlugin
2021-04-18 22:10:31,494 [INFO] IPUIPlugin:64 - create IPUIPlugin
2021-04-18 22:10:31,494 [INFO] IPUIPlugin:64 - create IPUIPlugin
2021-04-18 22:10:31,494 [INFO] IPUIPlugin:64 - create IPUIPlugin
2021-04-18 22:10:31,494 [INFO] IPUIPlugin:64 - create IPUIPlugin
2021-04-18 22:10:31,494 [INFO] IPUIPlugin:64 - create IPUIPlugin
2021-04-18 22:10:31,494 [INFO] IPUIPlugin:64 - create IPUIPlugin
2021-04-18 22:10:31,494 [INFO] IPUIPlugin:64 - create IPUIPlugin
2021-04-18 22:10:31,494 [INFO] IPUIPlugin:64 - create IPUIPlugin
2021-04-18 22:10:31,494 [INFO] IPUIPlugin:64 - create IPUIPlugin
2021-04-18 22:10:31,494 [INFO] IPUIPlugin:64 - create IPUIPlugin
2021-04-18 22:10:31,494 [INFO] IPUIPlugin:64 - create IPUIPlugin
2021-04-18 22:10:31,494 [INFO] IPUIPlugin:64 - create IPUIPlugin
2021-04-18 22:10:31,494 [INFO] IPUIPlugin:64 - create IPUIPlugin
2021-04-18 22:10:31,494 [INFO] IPUIPlugin:64 - create IPUIPlugin
2021-04-18 22:10:31,541 [INFO] LogOutputStream:76 - [STDOUT_REDIRECT] toolchainItems.length=====1
2021-04-18 22:10:31,651 [INFO] OpenFileManager:323 - Restore cursor
